Arguments: 
  C:\Program Files\nodejs\node.exe C:\Users\Administrator\AppData\Roaming\npm\node_modules\yarn\bin\yarn.js install

PATH: 
  C:\Program Files (x86)\Common Files\Oracle\Java\javapath;C:\Windows\system32;C:\Windows;C:\Windows\System32\Wbem;C:\Windows\System32\WindowsPowerShell\v1.0\;C:\Windows\System32\OpenSSH\;D:\DevToolkits\Blockchain\solana-release\bin;C:\Program Files\Microsoft VS Code\bin;C:\xampp\php;C:\Program Files\nodejs\;C:\Program Files\Git\cmd;C:\Users\Administrator\AppData\Local\Microsoft\WindowsApps;C:\Users\Administrator\AppData\Local\Programs\IPFS Desktop\resources\app.asar.unpacked\src\ipfs-on-path\scripts\bin-win;C:\Users\Administrator\AppData\Local\Android\Sdk\tools\bin;C:\Users\Administrator\AppData\Local\Android\Sdk\platform-tools;C:\Users\Administrator\AppData\Local\Android\Sdk\emulator;C:\Users\Administrator\AppData\Local\Android\Sdk\build-tools;C:\Program Files\Java\jdk1.8.0_231;C:\gradle-6.8.2\bin;C:\Users\Administrator\AppData\Roaming\npm;C:\Users\Administrator\AppData\Local\gitkraken\bin;C:\Program Files\Java\jdk1.8.0_231\bin;C:\Users\Administrator\AppData\Local\Android\Sdk\build-tools\29.0.3;C:\solana\bin;C:\Users\Administrator\AppData\Local\GitHubDesktop\bin

Yarn version: 
  1.22.17

Node version: 
  16.10.0

Platform: 
  win32 x64

Trace: 
  Error: getaddrinfo ENOTFOUND registry.yarnpkg.com
      at GetAddrInfoReqWrap.onlookup [as oncomplete] (node:dns:71:26)

npm manifest: 
  {
    "name": "nftfrontend",
    "version": "0.0.0",
    "scripts": {
      "ng": "ng",
      "start": "ng serve",
      "build": "ng build",
      "test": "ng test",
      "lint": "ng lint",
      "e2e": "ng e2e"
    },
    "private": true,
    "dependencies": {
      "@angular/animations": "~11.0.0",
      "@angular/cdk": "^11.2.13",
      "@angular/common": "~11.0.0",
      "@angular/compiler": "~11.0.0",
      "@angular/core": "~11.0.0",
      "@angular/forms": "~11.0.0",
      "@angular/material": "^11.2.13",
      "@angular/platform-browser": "~11.0.0",
      "@angular/platform-browser-dynamic": "~11.0.0",
      "@angular/router": "~11.0.0",
      "@auth0/angular-jwt": "^5.0.2",
      "@coreui/angular": "^2.11.2",
      "@coreui/coreui": "^2.1.16",
      "@coreui/coreui-plugin-chartjs-custom-tooltips": "^1.3.1",
      "@coreui/icons": "^2.0.0-rc.0",
      "@coreui/icons-angular": "1.0.0-alpha.3",
      "add": "^2.0.6",
      "angularx-social-login": "^3.5.4",
      "bootstrap": "^4.6.0",
      "chart.js": "^2.9.4",
      "classlist.js": "^1.1.20150312",
      "core-js": "^3.9.1",
      "flag-icon-css": "^3.5.0",
      "font-awesome": "^4.7.0",
      "moment": "^2.29.1",
      "ng2-charts": "^2.4.2",
      "ng2-file-upload": "^1.4.0",
      "ngx-bootstrap": "^6.2.0",
      "ngx-infinite-scroll": "^10.0.1",
      "ngx-lightbox": "^2.4.1",
      "ngx-moment": "^5.0.0",
      "ngx-perfect-scrollbar": "^10.1.0",
      "ngx-skeleton-loader": "^2.10.1",
      "rxjs": "~6.6.0",
      "simple-line-icons": "^2.5.5",
      "tslib": "^2.0.0",
      "web-animations-js": "^2.3.2",
      "zone.js": "~0.10.2"
    },
    "devDependencies": {
      "@angular-devkit/build-angular": "~0.1100.1",
      "@angular/cli": "~11.0.1",
      "@angular/compiler-cli": "~11.0.0",
      "@types/jasmine": "~3.6.0",
      "@types/node": "^12.11.1",
      "codelyzer": "^6.0.0",
      "jasmine-core": "~3.6.0",
      "jasmine-spec-reporter": "~5.0.0",
      "karma": "~5.1.0",
      "karma-chrome-launcher": "~3.1.0",
      "karma-coverage": "~2.0.3",
      "karma-jasmine": "~4.0.0",
      "karma-jasmine-html-reporter": "^1.5.0",
      "protractor": "~7.0.0",
      "ts-node": "~8.3.0",
      "tslint": "~6.1.0",
      "typescript": "~4.0.2"
    }
  }

yarn manifest: 
  No manifest

Lockfile: 
  No lockfile
